INFO [2023-07-28 16:35:57] $x
INFO [2023-07-28 16:35:57] list(genes_Kit9_DE$Id, genes_Kit11_DE$Id, genes_illumina_DE$Id)
INFO [2023-07-28 16:35:57] 
INFO [2023-07-28 16:35:57] $category.names
INFO [2023-07-28 16:35:57] c(paste0("Kit9 (", nrow(genes_Kit9_DE), ")"), paste0("Kit11 (", 
INFO [2023-07-28 16:35:57]     nrow(genes_Kit11_DE), ")"), paste0("Illumina (", nrow(genes_illumina_DE), 
INFO [2023-07-28 16:35:57]     ")"))
INFO [2023-07-28 16:35:57] 
INFO [2023-07-28 16:35:57] $filename
INFO [2023-07-28 16:35:57] NULL
INFO [2023-07-28 16:35:57] 
INFO [2023-07-28 16:35:57] $height
INFO [2023-07-28 16:35:57] [1] 400
INFO [2023-07-28 16:35:57] 
INFO [2023-07-28 16:35:57] $width
INFO [2023-07-28 16:35:57] [1] 400
INFO [2023-07-28 16:35:57] 
INFO [2023-07-28 16:35:57] $col
INFO [2023-07-28 16:35:57] c("#440154ff", "#21908dff", "gold")
INFO [2023-07-28 16:35:57] 
INFO [2023-07-28 16:35:57] $fill
INFO [2023-07-28 16:35:57] c(alpha("#440154ff", 0.3), alpha("#21908dff", 0.3), alpha("gold", 
INFO [2023-07-28 16:35:57]     0.3))
INFO [2023-07-28 16:35:57] 
INFO [2023-07-28 16:35:57] $cex
INFO [2023-07-28 16:35:57] [1] 1
INFO [2023-07-28 16:35:57] 
INFO [2023-07-28 16:35:57] $fontfamily
INFO [2023-07-28 16:35:57] [1] "sans"
INFO [2023-07-28 16:35:57] 
INFO [2023-07-28 16:35:57] $cat.cex
INFO [2023-07-28 16:35:57] [1] 1
INFO [2023-07-28 16:35:57] 
INFO [2023-07-28 16:35:57] $cat.pos
INFO [2023-07-28 16:35:57] c(-10, 10, 180)
INFO [2023-07-28 16:35:57] 
INFO [2023-07-28 16:35:57] $cat.fontfamily
INFO [2023-07-28 16:35:57] [1] "sans"
INFO [2023-07-28 16:35:57] 
INFO [2023-07-28 16:35:57] $cat.col
INFO [2023-07-28 16:35:57] c("#440154ff", "#21908dff", "darkorange")
INFO [2023-07-28 16:35:57] 
