INFO [2023-07-28 16:28:14] $x
INFO [2023-07-28 16:28:14] list(genes_Kit9_DE$Id, genes_Kit11_DE$Id, genes_P2_DE$Id)
INFO [2023-07-28 16:28:14] 
INFO [2023-07-28 16:28:14] $category.names
INFO [2023-07-28 16:28:14] c(paste0("Kit9 (", nrow(genes_Kit9_DE), ")"), paste0("Kit11 (", 
INFO [2023-07-28 16:28:14]     nrow(genes_Kit11_DE), ")"), paste0("P2 (", nrow(genes_P2_DE), 
INFO [2023-07-28 16:28:14]     ")"))
INFO [2023-07-28 16:28:14] 
INFO [2023-07-28 16:28:14] $filename
INFO [2023-07-28 16:28:14] NULL
INFO [2023-07-28 16:28:14] 
INFO [2023-07-28 16:28:14] $height
INFO [2023-07-28 16:28:14] [1] 400
INFO [2023-07-28 16:28:14] 
INFO [2023-07-28 16:28:14] $width
INFO [2023-07-28 16:28:14] [1] 400
INFO [2023-07-28 16:28:14] 
INFO [2023-07-28 16:28:14] $col
INFO [2023-07-28 16:28:14] c("#440154ff", "#21908dff", "gold")
INFO [2023-07-28 16:28:14] 
INFO [2023-07-28 16:28:14] $fill
INFO [2023-07-28 16:28:14] c(alpha("#440154ff", 0.3), alpha("#21908dff", 0.3), alpha("gold", 
INFO [2023-07-28 16:28:14]     0.3))
INFO [2023-07-28 16:28:14] 
INFO [2023-07-28 16:28:14] $cex
INFO [2023-07-28 16:28:14] [1] 1
INFO [2023-07-28 16:28:14] 
INFO [2023-07-28 16:28:14] $fontfamily
INFO [2023-07-28 16:28:14] [1] "sans"
INFO [2023-07-28 16:28:14] 
INFO [2023-07-28 16:28:14] $cat.cex
INFO [2023-07-28 16:28:14] [1] 1
INFO [2023-07-28 16:28:14] 
INFO [2023-07-28 16:28:14] $cat.pos
INFO [2023-07-28 16:28:14] c(-10, 10, 180)
INFO [2023-07-28 16:28:14] 
INFO [2023-07-28 16:28:14] $cat.fontfamily
INFO [2023-07-28 16:28:14] [1] "sans"
INFO [2023-07-28 16:28:14] 
INFO [2023-07-28 16:28:14] $cat.col
INFO [2023-07-28 16:28:14] c("#440154ff", "#21908dff", "darkorange")
INFO [2023-07-28 16:28:14] 
