INFO [2023-08-04 10:25:05] $x
INFO [2023-08-04 10:25:05] list(genes_Kit9_DE$Id, genes_Kit11_DE$Id, genes_illumina_DE$Id, 
INFO [2023-08-04 10:25:05]     genes_P2_DE$Id)
INFO [2023-08-04 10:25:05] 
INFO [2023-08-04 10:25:05] $category.names
INFO [2023-08-04 10:25:05] c(paste0("Kit9 (", nrow(genes_Kit9_DE), ")"), paste0("Kit11 (", 
INFO [2023-08-04 10:25:05]     nrow(genes_Kit11_DE), ")"), paste0("Illumina (", nrow(genes_illumina_DE), 
INFO [2023-08-04 10:25:05]     ")"), paste0("P2 (", nrow(genes_P2_DE), ")"))
INFO [2023-08-04 10:25:05] 
INFO [2023-08-04 10:25:05] $filename
INFO [2023-08-04 10:25:05] NULL
INFO [2023-08-04 10:25:05] 
INFO [2023-08-04 10:25:05] $height
INFO [2023-08-04 10:25:05] [1] 400
INFO [2023-08-04 10:25:05] 
INFO [2023-08-04 10:25:05] $width
INFO [2023-08-04 10:25:05] [1] 400
INFO [2023-08-04 10:25:05] 
INFO [2023-08-04 10:25:05] $col
INFO [2023-08-04 10:25:05] c("#440154ff", "#21908dff", "gold", "red")
INFO [2023-08-04 10:25:05] 
INFO [2023-08-04 10:25:05] $fill
INFO [2023-08-04 10:25:05] c(alpha("#440154ff", 0.3), alpha("#21908dff", 0.3), alpha("gold", 
INFO [2023-08-04 10:25:05]     0.3), alpha("red", 0.3))
INFO [2023-08-04 10:25:05] 
INFO [2023-08-04 10:25:05] $cex
INFO [2023-08-04 10:25:05] [1] 1
INFO [2023-08-04 10:25:05] 
INFO [2023-08-04 10:25:05] $fontfamily
INFO [2023-08-04 10:25:05] [1] "sans"
INFO [2023-08-04 10:25:05] 
INFO [2023-08-04 10:25:05] $cat.cex
INFO [2023-08-04 10:25:05] [1] 1
INFO [2023-08-04 10:25:05] 
INFO [2023-08-04 10:25:05] $cat.pos
INFO [2023-08-04 10:25:05] c(-10, 10, 20, 30)
INFO [2023-08-04 10:25:05] 
INFO [2023-08-04 10:25:05] $cat.fontfamily
INFO [2023-08-04 10:25:05] [1] "sans"
INFO [2023-08-04 10:25:05] 
INFO [2023-08-04 10:25:05] $cat.col
INFO [2023-08-04 10:25:05] c("#440154ff", "#21908dff", "darkorange", "red")
INFO [2023-08-04 10:25:05] 
