INFO [2023-08-04 10:25:04] $x
INFO [2023-08-04 10:25:04] list(genes_Kit9_DE$Id, genes_Kit11_DE$Id, genes_P2_DE$Id)
INFO [2023-08-04 10:25:04] 
INFO [2023-08-04 10:25:04] $category.names
INFO [2023-08-04 10:25:04] c(paste0("Kit9 (", nrow(genes_Kit9_DE), ")"), paste0("Kit11 (", 
INFO [2023-08-04 10:25:04]     nrow(genes_Kit11_DE), ")"), paste0("P2 (", nrow(genes_P2_DE), 
INFO [2023-08-04 10:25:04]     ")"))
INFO [2023-08-04 10:25:04] 
INFO [2023-08-04 10:25:04] $filename
INFO [2023-08-04 10:25:04] NULL
INFO [2023-08-04 10:25:04] 
INFO [2023-08-04 10:25:04] $height
INFO [2023-08-04 10:25:04] [1] 400
INFO [2023-08-04 10:25:04] 
INFO [2023-08-04 10:25:04] $width
INFO [2023-08-04 10:25:04] [1] 400
INFO [2023-08-04 10:25:04] 
INFO [2023-08-04 10:25:04] $col
INFO [2023-08-04 10:25:04] c("#440154ff", "#21908dff", "gold")
INFO [2023-08-04 10:25:04] 
INFO [2023-08-04 10:25:04] $fill
INFO [2023-08-04 10:25:04] c(alpha("#440154ff", 0.3), alpha("#21908dff", 0.3), alpha("gold", 
INFO [2023-08-04 10:25:04]     0.3))
INFO [2023-08-04 10:25:04] 
INFO [2023-08-04 10:25:04] $cex
INFO [2023-08-04 10:25:04] [1] 1
INFO [2023-08-04 10:25:04] 
INFO [2023-08-04 10:25:04] $fontfamily
INFO [2023-08-04 10:25:04] [1] "sans"
INFO [2023-08-04 10:25:04] 
INFO [2023-08-04 10:25:04] $cat.cex
INFO [2023-08-04 10:25:04] [1] 1
INFO [2023-08-04 10:25:04] 
INFO [2023-08-04 10:25:04] $cat.pos
INFO [2023-08-04 10:25:04] c(-10, 10, 180)
INFO [2023-08-04 10:25:04] 
INFO [2023-08-04 10:25:04] $cat.fontfamily
INFO [2023-08-04 10:25:04] [1] "sans"
INFO [2023-08-04 10:25:04] 
INFO [2023-08-04 10:25:04] $cat.col
INFO [2023-08-04 10:25:04] c("#440154ff", "#21908dff", "darkorange")
INFO [2023-08-04 10:25:04] 
