INFO [2023-07-28 16:35:57] $x
INFO [2023-07-28 16:35:57] list(genes_illumina_DE$Id, genes_P2_DE$Id)
INFO [2023-07-28 16:35:57] 
INFO [2023-07-28 16:35:57] $category.names
INFO [2023-07-28 16:35:57] c(paste0("Illumina (", nrow(genes_illumina_DE), ")"), paste0("P2 (", 
INFO [2023-07-28 16:35:57]     nrow(genes_P2_DE), ")"))
INFO [2023-07-28 16:35:57] 
INFO [2023-07-28 16:35:57] $filename
INFO [2023-07-28 16:35:57] NULL
INFO [2023-07-28 16:35:57] 
INFO [2023-07-28 16:35:57] $height
INFO [2023-07-28 16:35:57] [1] 400
INFO [2023-07-28 16:35:57] 
INFO [2023-07-28 16:35:57] $width
INFO [2023-07-28 16:35:57] [1] 400
INFO [2023-07-28 16:35:57] 
INFO [2023-07-28 16:35:57] $col
INFO [2023-07-28 16:35:57] c("#440154ff", "#21908dff")
INFO [2023-07-28 16:35:57] 
INFO [2023-07-28 16:35:57] $fill
INFO [2023-07-28 16:35:57] c(alpha("#440154ff", 0.3), alpha("#21908dff", 0.3))
INFO [2023-07-28 16:35:57] 
INFO [2023-07-28 16:35:57] $cex
INFO [2023-07-28 16:35:57] [1] 1
INFO [2023-07-28 16:35:57] 
INFO [2023-07-28 16:35:57] $fontfamily
INFO [2023-07-28 16:35:57] [1] "sans"
INFO [2023-07-28 16:35:57] 
INFO [2023-07-28 16:35:57] $cat.cex
INFO [2023-07-28 16:35:57] [1] 1
INFO [2023-07-28 16:35:57] 
INFO [2023-07-28 16:35:57] $cat.pos
INFO [2023-07-28 16:35:57] c(-27, 27)
INFO [2023-07-28 16:35:57] 
INFO [2023-07-28 16:35:57] $cat.fontfamily
INFO [2023-07-28 16:35:57] [1] "sans"
INFO [2023-07-28 16:35:57] 
INFO [2023-07-28 16:35:57] $cat.col
INFO [2023-07-28 16:35:57] c("#440154ff", "#21908dff")
INFO [2023-07-28 16:35:57] 
